<?xml version="1.0" encoding="UTF-8"?>
<!-- Generated by org.testng.reporters.JUnitReportReporter -->
<testsuite hostname="BLLCHETHANV" failures="0" tests="33" name="com.keus.getapcs.testcases.TEST_Create_MR" time="5.230" errors="1" timestamp="2024-01-10T16:38:51 IST" skipped="32">
  <testcase classname="com.keus.getapcs.testcases.TEST_Create_MR" name="setUp" time="5.228">
    <error message="no such window: target window already closed
from unknown error: web view not found
  (Session info: chrome=120.0.6099.200)
Build info: version: &#039;4.16.1&#039;, revision: &#039;9b4c83354e&#039;
System info: os.name: &#039;Windows 10&#039;, os.arch: &#039;amd64&#039;, os.version: &#039;10.0&#039;, java.version: &#039;17.0.8.1&#039;
Driver info: org.openqa.selenium.chrome.ChromeDriver
Command: [d32cd26c1191fd75342360b78aeb567a, findElement {using=xpath, value=(//input[@placeholder=&#039;Email&#039;])[1]}]
Capabilities {acceptInsecureCerts: false, browserName: chrome, browserVersion: 120.0.6099.200, chrome: {chromedriverVersion: 120.0.6099.109 (3419140ab66..., userDataDir: C:\Users\W2191\AppData\Loca...}, fedcm:accounts: true, goog:chromeOptions: {debuggerAddress: localhost:63782}, networkConnectionEnabled: false, pageLoadStrategy: normal, platformName: windows, proxy: Proxy(), se:cdp: ws://localhost:63782/devtoo..., se:cdpVersion: 120.0.6099.200, setWindowRect: true, strictFileInteractability: false, timeouts: {implicit: 0, pageLoad: 300000, script: 30000}, unhandledPromptBehavior: dismiss and notify, webauthn:extension:credBlob: true, webauthn:extension:largeBlob: true, webauthn:extension:minPinLength: true, webauthn:extension:prf: true, webauthn:virtualAuthenticators: true}
Session ID: d32cd26c1191fd75342360b78aeb567a" type="org.openqa.selenium.NoSuchWindowException">
      <![CDATA[org.openqa.selenium.NoSuchWindowException: no such window: target window already closed
from unknown error: web view not found
  (Session info: chrome=120.0.6099.200)
Build info: version: '4.16.1', revision: '9b4c83354e'
System info: os.name: 'Windows 10', os.arch: 'amd64', os.version: '10.0', java.version: '17.0.8.1'
Driver info: org.openqa.selenium.chrome.ChromeDriver
Command: [d32cd26c1191fd75342360b78aeb567a, findElement {using=xpath, value=(//input[@placeholder='Email'])[1]}]
Capabilities {acceptInsecureCerts: false, browserName: chrome, browserVersion: 120.0.6099.200, chrome: {chromedriverVersion: 120.0.6099.109 (3419140ab66..., userDataDir: C:\Users\W2191\AppData\Loca...}, fedcm:accounts: true, goog:chromeOptions: {debuggerAddress: localhost:63782}, networkConnectionEnabled: false, pageLoadStrategy: normal, platformName: windows, proxy: Proxy(), se:cdp: ws://localhost:63782/devtoo..., se:cdpVersion: 120.0.6099.200, setWindowRect: true, strictFileInteractability: false, timeouts: {implicit: 0, pageLoad: 300000, script: 30000}, unhandledPromptBehavior: dismiss and notify, webauthn:extension:credBlob: true, webauthn:extension:largeBlob: true, webauthn:extension:minPinLength: true, webauthn:extension:prf: true, webauthn:virtualAuthenticators: true}
Session ID: d32cd26c1191fd75342360b78aeb567a
at java.base/jdk.internal.reflect.NativeConstructorAccessorImpl.newInstance0(Native Method)
at java.base/jdk.internal.reflect.NativeConstructorAccessorImpl.newInstance(NativeConstructorAccessorImpl.java:77)
at java.base/jdk.internal.reflect.DelegatingConstructorAccessorImpl.newInstance(DelegatingConstructorAccessorImpl.java:45)
at java.base/java.lang.reflect.Constructor.newInstanceWithCaller(Constructor.java:499)
at java.base/java.lang.reflect.Constructor.newInstance(Constructor.java:480)
at org.openqa.selenium.remote.codec.w3c.W3CHttpResponseCodec.createException(W3CHttpResponseCodec.java:200)
at org.openqa.selenium.remote.codec.w3c.W3CHttpResponseCodec.decode(W3CHttpResponseCodec.java:133)
at org.openqa.selenium.remote.codec.w3c.W3CHttpResponseCodec.decode(W3CHttpResponseCodec.java:52)
at org.openqa.selenium.remote.HttpCommandExecutor.execute(HttpCommandExecutor.java:191)
at org.openqa.selenium.remote.service.DriverCommandExecutor.invokeExecute(DriverCommandExecutor.java:200)
at org.openqa.selenium.remote.service.DriverCommandExecutor.execute(DriverCommandExecutor.java:175)
at org.openqa.selenium.remote.RemoteWebDriver.execute(RemoteWebDriver.java:523)
at org.openqa.selenium.remote.ElementLocation$ElementFinder$2.findElement(ElementLocation.java:165)
at org.openqa.selenium.remote.ElementLocation.findElement(ElementLocation.java:59)
at org.openqa.selenium.remote.RemoteWebDriver.findElement(RemoteWebDriver.java:360)
at org.openqa.selenium.remote.RemoteWebDriver.findElement(RemoteWebDriver.java:354)
at org.openqa.selenium.support.pagefactory.DefaultElementLocator.findElement(DefaultElementLocator.java:68)
at org.openqa.selenium.support.pagefactory.internal.LocatingElementHandler.invoke(LocatingElementHandler.java:38)
at jdk.proxy2/jdk.proxy2.$Proxy15.clear(Unknown Source)
at com.getapcs.home.login.LoginPage.login(LoginPage.java:59)
at com.keus.getapcs.testcases.TEST_Create_MR.setUp(TEST_Create_MR.java:107)
at java.base/jdk.internal.reflect.NativeMethodAccessorImpl.invoke0(Native Method)
at java.base/jdk.internal.reflect.NativeMethodAccessorImpl.invoke(NativeMethodAccessorImpl.java:77)
at java.base/jdk.internal.reflect.DelegatingMethodAccessorImpl.invoke(DelegatingMethodAccessorImpl.java:43)
at java.base/java.lang.reflect.Method.invoke(Method.java:568)
at org.testng.internal.invokers.MethodInvocationHelper.invokeMethod(MethodInvocationHelper.java:139)
at org.testng.internal.invokers.MethodInvocationHelper.invokeMethodConsideringTimeout(MethodInvocationHelper.java:69)
at org.testng.internal.invokers.ConfigInvoker.invokeConfigurationMethod(ConfigInvoker.java:390)
at org.testng.internal.invokers.ConfigInvoker.invokeConfigurations(ConfigInvoker.java:325)
at org.testng.TestRunner.invokeTestConfigurations(TestRunner.java:663)
at org.testng.TestRunner.beforeRun(TestRunner.java:652)
at org.testng.TestRunner.run(TestRunner.java:614)
at org.testng.SuiteRunner.runTest(SuiteRunner.java:443)
at org.testng.SuiteRunner.runSequentially(SuiteRunner.java:437)
at org.testng.SuiteRunner.privateRun(SuiteRunner.java:397)
at org.testng.SuiteRunner.run(SuiteRunner.java:336)
at org.testng.SuiteRunnerWorker.runSuite(SuiteRunnerWorker.java:52)
at org.testng.SuiteRunnerWorker.run(SuiteRunnerWorker.java:95)
at org.testng.TestNG.runSuitesSequentially(TestNG.java:1280)
at org.testng.TestNG.runSuitesLocally(TestNG.java:1200)
at org.testng.TestNG.runSuites(TestNG.java:1114)
at org.testng.TestNG.run(TestNG.java:1082)
at org.testng.remote.AbstractRemoteTestNG.run(AbstractRemoteTestNG.java:115)
at org.testng.remote.RemoteTestNG.initAndRun(RemoteTestNG.java:251)
at org.testng.remote.RemoteTestNG.main(RemoteTestNG.java:77)
]]>
    </error>
  </testcase> <!-- setUp -->
  <testcase classname="com.keus.getapcs.testcases.TEST_Create_MR" name="verifyPrice_ListCreate" time="0.000">
    <skipped/>
  </testcase> <!-- verifyPrice_ListCreate -->
  <testcase classname="com.keus.getapcs.testcases.TEST_Create_MR" name="verifyItemMasterCreate" time="0.000">
    <skipped/>
  </testcase> <!-- verifyItemMasterCreate -->
  <testcase classname="com.keus.getapcs.testcases.TEST_Create_MR" name="verifyBomCreate" time="0.000">
    <skipped/>
  </testcase> <!-- verifyBomCreate -->
  <testcase classname="com.keus.getapcs.testcases.TEST_Create_MR" name="verifyReleaseBom" time="0.000">
    <skipped/>
  </testcase> <!-- verifyReleaseBom -->
  <testcase classname="com.keus.getapcs.testcases.TEST_Create_MR" name="verifySalesItemPriceListCreate" time="0.000">
    <skipped/>
  </testcase> <!-- verifySalesItemPriceListCreate -->
  <testcase classname="com.keus.getapcs.testcases.TEST_Create_MR" name="verifySalesRFQCreate" time="0.000">
    <skipped/>
  </testcase> <!-- verifySalesRFQCreate -->
  <testcase classname="com.keus.getapcs.testcases.TEST_Create_MR" name="verifySalesRFQCS" time="0.000">
    <skipped/>
  </testcase> <!-- verifySalesRFQCS -->
  <testcase classname="com.keus.getapcs.testcases.TEST_Create_MR" name="verifyQuoteCreate" time="0.000">
    <skipped/>
  </testcase> <!-- verifyQuoteCreate -->
  <testcase classname="com.keus.getapcs.testcases.TEST_Create_MR" name="verifySalesOrderCreate" time="0.001">
    <skipped/>
  </testcase> <!-- verifySalesOrderCreate -->
  <testcase classname="com.keus.getapcs.testcases.TEST_Create_MR" name="verifyShopOrderCreate" time="0.000">
    <skipped/>
  </testcase> <!-- verifyShopOrderCreate -->
  <testcase classname="com.keus.getapcs.testcases.TEST_Create_MR" name="verifyMaterialIssue" time="0.000">
    <skipped/>
  </testcase> <!-- verifyMaterialIssue -->
  <testcase classname="com.keus.getapcs.testcases.TEST_Create_MR" name="verifyPRcreate" time="0.000">
    <skipped/>
  </testcase> <!-- verifyPRcreate -->
  <testcase classname="com.keus.getapcs.testcases.TEST_Create_MR" name="verifyPR_Approval1" time="0.000">
    <skipped/>
  </testcase> <!-- verifyPR_Approval1 -->
  <testcase classname="com.keus.getapcs.testcases.TEST_Create_MR" name="verifyPR_Approval2" time="0.000">
    <skipped/>
  </testcase> <!-- verifyPR_Approval2 -->
  <testcase classname="com.keus.getapcs.testcases.TEST_Create_MR" name="verifyPurchaseOrderCreate" time="0.000">
    <skipped/>
  </testcase> <!-- verifyPurchaseOrderCreate -->
  <testcase classname="com.keus.getapcs.testcases.TEST_Create_MR" name="verifyPurchaseOrderApproval1" time="0.000">
    <skipped/>
  </testcase> <!-- verifyPurchaseOrderApproval1 -->
  <testcase classname="com.keus.getapcs.testcases.TEST_Create_MR" name="verifyPurchaseOrderApproval2" time="0.000">
    <skipped/>
  </testcase> <!-- verifyPurchaseOrderApproval2 -->
  <testcase classname="com.keus.getapcs.testcases.TEST_Create_MR" name="verifyInventryReportBeforeOpenGrin" time="0.000">
    <skipped/>
  </testcase> <!-- verifyInventryReportBeforeOpenGrin -->
  <testcase classname="com.keus.getapcs.testcases.TEST_Create_MR" name="verifyOpenGrinCreate" time="0.000">
    <skipped/>
  </testcase> <!-- verifyOpenGrinCreate -->
  <testcase classname="com.keus.getapcs.testcases.TEST_Create_MR" name="verifyInventryReportAfterOpenGRIN" time="0.000">
    <skipped/>
  </testcase> <!-- verifyInventryReportAfterOpenGRIN -->
  <testcase classname="com.keus.getapcs.testcases.TEST_Create_MR" name="verifyGRINCreate" time="0.000">
    <skipped/>
  </testcase> <!-- verifyGRINCreate -->
  <testcase classname="com.keus.getapcs.testcases.TEST_Create_MR" name="verifyInventryReportAfterGRIN" time="0.001">
    <skipped/>
  </testcase> <!-- verifyInventryReportAfterGRIN -->
  <testcase classname="com.keus.getapcs.testcases.TEST_Create_MR" name="verifyIQCCreate" time="0.000">
    <skipped/>
  </testcase> <!-- verifyIQCCreate -->
  <testcase classname="com.keus.getapcs.testcases.TEST_Create_MR" name="verifyInventryReportAfterIQC" time="0.000">
    <skipped/>
  </testcase> <!-- verifyInventryReportAfterIQC -->
  <testcase classname="com.keus.getapcs.testcases.TEST_Create_MR" name="verifyBinningCreate" time="0.000">
    <skipped/>
  </testcase> <!-- verifyBinningCreate -->
  <testcase classname="com.keus.getapcs.testcases.TEST_Create_MR" name="verifyInventryReportAfterBinning" time="0.000">
    <skipped/>
  </testcase> <!-- verifyInventryReportAfterBinning -->
  <testcase classname="com.keus.getapcs.testcases.TEST_Create_MR" name="verifyMaterialIssueAfterPRPO" time="0.000">
    <skipped/>
  </testcase> <!-- verifyMaterialIssueAfterPRPO -->
  <testcase classname="com.keus.getapcs.testcases.TEST_Create_MR" name="verifyMaterialRequest" time="0.000">
    <skipped/>
  </testcase> <!-- verifyMaterialRequest -->
  <testcase classname="com.keus.getapcs.testcases.TEST_Create_MR" name="verifyInventryReportAfterMaterialRequest" time="0.000">
    <skipped/>
  </testcase> <!-- verifyInventryReportAfterMaterialRequest -->
  <testcase classname="com.keus.getapcs.testcases.TEST_Create_MR" name="verifyMaterialReturnNote" time="0.000">
    <skipped/>
  </testcase> <!-- verifyMaterialReturnNote -->
  <testcase classname="com.keus.getapcs.testcases.TEST_Create_MR" name="verifyMaterialReturnNoteOpenMRN" time="0.000">
    <skipped/>
  </testcase> <!-- verifyMaterialReturnNoteOpenMRN -->
  <testcase classname="com.keus.getapcs.testcases.TEST_Create_MR" name="verifyInventryReportAfterMaterialReturnNote" time="0.000">
    <skipped/>
  </testcase> <!-- verifyInventryReportAfterMaterialReturnNote -->
</testsuite> <!-- com.keus.getapcs.testcases.TEST_Create_MR -->
