<?xml version="1.0" encoding="UTF-8"?>
<!-- Generated by org.testng.reporters.JUnitReportReporter -->
<testsuite hostname="BLLCHETHANV" failures="0" tests="3" name="com.keus.getapcs.testcases.TEST_Create" time="68.338" errors="0" timestamp="2024-02-07T18:09:27 IST" skipped="0">
  <testcase classname="com.keus.getapcs.testcases.TEST_Create" name="verifyInvoiceCreate" time="25.729"/>
  <testcase classname="com.keus.getapcs.testcases.TEST_Create" name="verifyReturnInvoiceCreate" time="19.096"/>
  <testcase classname="com.keus.getapcs.testcases.TEST_Create" name="verifyInventryReportAfterReturnInvoice" time="23.513"/>
</testsuite> <!-- com.keus.getapcs.testcases.TEST_Create -->
