<?xml version="1.0" encoding="UTF-8"?>
<!-- Generated by org.testng.reporters.JUnitReportReporter -->
<testsuite hostname="BLLCHETHANV" failures="0" tests="17" name="com.keus.getapcs.testcases.TEST_Create" time="551.288" errors="0" timestamp="2024-01-10T10:09:04 IST" skipped="0">
  <testcase classname="com.keus.getapcs.testcases.TEST_Create" name="verifyPrice_ListCreate" time="19.506"/>
  <testcase classname="com.keus.getapcs.testcases.TEST_Create" name="verifyItemMasterCreate" time="76.808"/>
  <testcase classname="com.keus.getapcs.testcases.TEST_Create" name="verifyBomCreate" time="35.417"/>
  <testcase classname="com.keus.getapcs.testcases.TEST_Create" name="verifyReleaseBom" time="61.415"/>
  <testcase classname="com.keus.getapcs.testcases.TEST_Create" name="verifySalesItemPriceListCreate" time="23.936"/>
  <testcase classname="com.keus.getapcs.testcases.TEST_Create" name="verifySalesRFQCreate" time="32.171"/>
  <testcase classname="com.keus.getapcs.testcases.TEST_Create" name="verifySalesRFQCS" time="17.135"/>
  <testcase classname="com.keus.getapcs.testcases.TEST_Create" name="verifyQuoteCreate" time="20.370"/>
  <testcase classname="com.keus.getapcs.testcases.TEST_Create" name="verifySalesOrderCreate" time="24.067"/>
  <testcase classname="com.keus.getapcs.testcases.TEST_Create" name="verifyShopOrderCreate" time="32.068"/>
  <testcase classname="com.keus.getapcs.testcases.TEST_Create" name="verifyMaterialIssue" time="18.946"/>
  <testcase classname="com.keus.getapcs.testcases.TEST_Create" name="verifyPRcreate" time="50.972"/>
  <testcase classname="com.keus.getapcs.testcases.TEST_Create" name="verifyPR_Approval1" time="32.890"/>
  <testcase classname="com.keus.getapcs.testcases.TEST_Create" name="verifyPR_Approval2" time="32.468"/>
  <testcase classname="com.keus.getapcs.testcases.TEST_Create" name="verifyPurchaseOrderCreate" time="23.706"/>
  <testcase classname="com.keus.getapcs.testcases.TEST_Create" name="verifyPurchaseOrderApproval1" time="31.629"/>
  <testcase classname="com.keus.getapcs.testcases.TEST_Create" name="verifyPurchaseOrderApproval2" time="17.784"/>
</testsuite> <!-- com.keus.getapcs.testcases.TEST_Create -->
