<?xml version="1.0" encoding="UTF-8"?>
<!-- Generated by org.testng.reporters.JUnitReportReporter -->
<testsuite hostname="BLLCHETHANV" failures="0" tests="1" name="com.keus.getapcs.testcases.TEST_Edit_Table" time="17.753" errors="0" timestamp="2024-01-08T12:18:29 IST" skipped="0">
  <testcase classname="com.keus.getapcs.testcases.TEST_Edit_Table" name="verifyShopOrderEdit" time="17.753"/>
</testsuite> <!-- com.keus.getapcs.testcases.TEST_Edit_Table -->
