<?xml version="1.0" encoding="UTF-8"?>
<!-- Generated by org.testng.reporters.JUnitReportReporter -->
<testsuite hostname="BLLCHETHANV" failures="0" tests="8" name="com.keus.getapcs.testcases.TEST_SA_Flow" time="508.677" errors="0" timestamp="2024-02-07T12:00:08 IST" skipped="0">
  <testcase classname="com.keus.getapcs.testcases.TEST_SA_Flow" name="verifyBomCreateforSA2" time="106.281"/>
  <testcase classname="com.keus.getapcs.testcases.TEST_SA_Flow" name="verifyReleaseBom" time="183.517"/>
  <testcase classname="com.keus.getapcs.testcases.TEST_SA_Flow" name="verifySalesItemPriceListCreate" time="23.529"/>
  <testcase classname="com.keus.getapcs.testcases.TEST_SA_Flow" name="verifySalesRFQCreate" time="31.345"/>
  <testcase classname="com.keus.getapcs.testcases.TEST_SA_Flow" name="verifySalesRFQCS" time="17.563"/>
  <testcase classname="com.keus.getapcs.testcases.TEST_SA_Flow" name="verifyQuoteCreate" time="19.557"/>
  <testcase classname="com.keus.getapcs.testcases.TEST_SA_Flow" name="verifySalesOrderCreate" time="25.420"/>
  <testcase classname="com.keus.getapcs.testcases.TEST_SA_Flow" name="verifyShopOrderCreate" time="101.465"/>
</testsuite> <!-- com.keus.getapcs.testcases.TEST_SA_Flow -->
