<?xml version="1.0" encoding="UTF-8"?>
<!-- Generated by org.testng.reporters.JUnitReportReporter -->
<testsuite hostname="BLLCHETHANV" failures="0" tests="1" name="com.keus.getapcs.testcases.PrimaryMaster" time="38.447" errors="0" timestamp="2024-02-01T11:06:34 IST" skipped="0">
  <testcase classname="com.keus.getapcs.testcases.PrimaryMaster" name="verifyCustomerField" time="38.447"/>
</testsuite> <!-- com.keus.getapcs.testcases.PrimaryMaster -->
