<?xml version="1.0" encoding="UTF-8"?>
<!-- Generated by org.testng.reporters.JUnitReportReporter -->
<testsuite hostname="BLLCHETHANV" failures="0" tests="1" name="com.keus.getapcs.testcases.PrimaryMaster" time="22.553" errors="0" timestamp="2024-01-10T18:05:24 IST" skipped="0">
  <testcase classname="com.keus.getapcs.testcases.PrimaryMaster" name="verifyCompanyMaster" time="22.553"/>
</testsuite> <!-- com.keus.getapcs.testcases.PrimaryMaster -->
