<?xml version="1.0" encoding="UTF-8"?>
<!-- Generated by org.testng.reporters.JUnitReportReporter -->
<testsuite hostname="BLLCHETHANV" failures="0" tests="10" name="com.keus.getapcs.testcases.TEST_Create" time="335.775" errors="0" timestamp="2024-02-06T12:54:03 IST" skipped="0">
  <testcase classname="com.keus.getapcs.testcases.TEST_Create" name="verifyPrice_ListCreate" time="12.340"/>
  <testcase classname="com.keus.getapcs.testcases.TEST_Create" name="verifyItemMasterCreate" time="72.021"/>
  <testcase classname="com.keus.getapcs.testcases.TEST_Create" name="verifyBomCreate" time="32.588"/>
  <testcase classname="com.keus.getapcs.testcases.TEST_Create" name="verifyReleaseBom" time="61.105"/>
  <testcase classname="com.keus.getapcs.testcases.TEST_Create" name="verifySalesItemPriceListCreate" time="23.012"/>
  <testcase classname="com.keus.getapcs.testcases.TEST_Create" name="verifySalesRFQCreate" time="29.938"/>
  <testcase classname="com.keus.getapcs.testcases.TEST_Create" name="verifySalesRFQCS" time="17.170"/>
  <testcase classname="com.keus.getapcs.testcases.TEST_Create" name="verifyQuoteCreate" time="20.084"/>
  <testcase classname="com.keus.getapcs.testcases.TEST_Create" name="verifySalesOrderCreate" time="34.273"/>
  <testcase classname="com.keus.getapcs.testcases.TEST_Create" name="verifyShopOrderCreate" time="33.244"/>
</testsuite> <!-- com.keus.getapcs.testcases.TEST_Create -->
