<?xml version="1.0" encoding="UTF-8"?>
<!-- Generated by org.testng.reporters.JUnitReportReporter -->
<testsuite hostname="BLLCHETHANV" failures="0" tests="1" name="com.keus.getapcs.testcases.TEST_SA_Flow" time="54.388" errors="0" timestamp="2024-01-05T17:33:14 IST" skipped="0">
  <testcase classname="com.keus.getapcs.testcases.TEST_SA_Flow" name="verifyPOCreate" time="54.388"/>
</testsuite> <!-- com.keus.getapcs.testcases.TEST_SA_Flow -->
