<?xml version="1.0" encoding="UTF-8"?>
<!-- Generated by org.testng.reporters.JUnitReportReporter -->
<testsuite hostname="BLLCHETHANV" failures="0" tests="3" name="com.keus.getapcs.testcases.TEST_Create_MR" time="95.525" errors="0" timestamp="2024-01-08T11:40:23 IST" skipped="0">
  <testcase classname="com.keus.getapcs.testcases.TEST_Create_MR" name="verifyMaterialReturnNote" time="50.978"/>
  <testcase classname="com.keus.getapcs.testcases.TEST_Create_MR" name="verifyMaterialReturnNoteOpenMRN" time="21.232"/>
  <testcase classname="com.keus.getapcs.testcases.TEST_Create_MR" name="verifyInventryReportAfterMaterialReturnNote" time="23.315"/>
</testsuite> <!-- com.keus.getapcs.testcases.TEST_Create_MR -->
