<?xml version="1.0" encoding="UTF-8"?>
<!-- Generated by org.testng.reporters.JUnitReportReporter -->
<testsuite hostname="BLLCHETHANV" failures="0" tests="2" name="com.keus.getapcs.testcases.TEST_Create" time="41.722" errors="0" timestamp="2024-02-14T17:19:56 IST" skipped="0">
  <testcase classname="com.keus.getapcs.testcases.TEST_Create" name="verifyOQCBinning" time="15.607"/>
  <testcase classname="com.keus.getapcs.testcases.TEST_Create" name="verifyInventryReportAfterOQCBinning" time="26.115"/>
</testsuite> <!-- com.keus.getapcs.testcases.TEST_Create -->
