<?xml version="1.0" encoding="UTF-8"?>
<!-- Generated by org.testng.reporters.JUnitReportReporter -->
<testsuite hostname="BLLCHETHANV" failures="0" tests="1" name="com.keus.getapcs.testcases.SecondaryMaster" time="7.508" errors="0" timestamp="2024-02-01T10:35:49 IST" skipped="0">
  <testcase classname="com.keus.getapcs.testcases.SecondaryMaster" name="verifyLovcationCreate" time="7.508"/>
</testsuite> <!-- com.keus.getapcs.testcases.SecondaryMaster -->
