<?xml version="1.0" encoding="UTF-8"?>
<!-- Generated by org.testng.reporters.JUnitReportReporter -->
<testsuite hostname="BLLCHETHANV" failures="0" tests="2" name="com.keus.getapcs.testcases.TEST_SA_Flow" time="45.921" errors="0" timestamp="2024-02-14T16:12:49 IST" skipped="0">
  <testcase classname="com.keus.getapcs.testcases.TEST_SA_Flow" name="verifyReturnDO" time="19.645"/>
  <testcase classname="com.keus.getapcs.testcases.TEST_SA_Flow" name="verifyInventryReportAfterReturnDO" time="26.276"/>
</testsuite> <!-- com.keus.getapcs.testcases.TEST_SA_Flow -->
