<?xml version="1.0" encoding="UTF-8"?>
<!-- Generated by org.testng.reporters.JUnitReportReporter -->
<testsuite hostname="BLLCHETHANV" failures="0" tests="44" name="com.keus.getapcs.testcases.TEST_Create" time="1155.085" errors="0" timestamp="2024-01-12T13:17:04 IST" skipped="0">
  <testcase classname="com.keus.getapcs.testcases.TEST_Create" name="verifyPrice_ListCreate" time="11.772"/>
  <testcase classname="com.keus.getapcs.testcases.TEST_Create" name="verifyItemMasterCreate" time="63.360"/>
  <testcase classname="com.keus.getapcs.testcases.TEST_Create" name="verifyBomCreate" time="32.007"/>
  <testcase classname="com.keus.getapcs.testcases.TEST_Create" name="verifyReleaseBom" time="61.075"/>
  <testcase classname="com.keus.getapcs.testcases.TEST_Create" name="verifySalesItemPriceListCreate" time="22.467"/>
  <testcase classname="com.keus.getapcs.testcases.TEST_Create" name="verifySalesRFQCreate" time="28.984"/>
  <testcase classname="com.keus.getapcs.testcases.TEST_Create" name="verifySalesRFQCS" time="16.838"/>
  <testcase classname="com.keus.getapcs.testcases.TEST_Create" name="verifyQuoteCreate" time="17.294"/>
  <testcase classname="com.keus.getapcs.testcases.TEST_Create" name="verifySalesOrderCreate" time="23.621"/>
  <testcase classname="com.keus.getapcs.testcases.TEST_Create" name="verifyShopOrderCreate" time="31.990"/>
  <testcase classname="com.keus.getapcs.testcases.TEST_Create" name="verifyMaterialIssue" time="18.779"/>
  <testcase classname="com.keus.getapcs.testcases.TEST_Create" name="verifyPRcreate" time="49.404"/>
  <testcase classname="com.keus.getapcs.testcases.TEST_Create" name="verifyPR_Approval1" time="32.266"/>
  <testcase classname="com.keus.getapcs.testcases.TEST_Create" name="verifyPR_Approval2" time="31.999"/>
  <testcase classname="com.keus.getapcs.testcases.TEST_Create" name="verifyPurchaseOrderCreate" time="22.368"/>
  <testcase classname="com.keus.getapcs.testcases.TEST_Create" name="verifyPurchaseOrderApproval1" time="36.387"/>
  <testcase classname="com.keus.getapcs.testcases.TEST_Create" name="verifyPurchaseOrderApproval2" time="19.420"/>
  <testcase classname="com.keus.getapcs.testcases.TEST_Create" name="verifyInventryReportBeforeGrin" time="22.190"/>
  <testcase classname="com.keus.getapcs.testcases.TEST_Create" name="verifyGRINCreate" time="46.403"/>
  <testcase classname="com.keus.getapcs.testcases.TEST_Create" name="verifyInventryReportAfterGRIN" time="23.677"/>
  <testcase classname="com.keus.getapcs.testcases.TEST_Create" name="verifyIQCCreate" time="25.963"/>
  <testcase classname="com.keus.getapcs.testcases.TEST_Create" name="verifyInventryReportAfterIQC" time="23.954"/>
  <testcase classname="com.keus.getapcs.testcases.TEST_Create" name="verifyBinningCreate" time="38.381"/>
  <testcase classname="com.keus.getapcs.testcases.TEST_Create" name="verifyInventryReportAfterBinning" time="21.651"/>
  <testcase classname="com.keus.getapcs.testcases.TEST_Create" name="verifyMaterialIssueAfterPRPO" time="18.955"/>
  <testcase classname="com.keus.getapcs.testcases.TEST_Create" name="verifyInventryReportAfterMI" time="22.052"/>
  <testcase classname="com.keus.getapcs.testcases.TEST_Create" name="verifyShopOrderConfirmation" time="13.433"/>
  <testcase classname="com.keus.getapcs.testcases.TEST_Create" name="verifyOQC" time="12.699"/>
  <testcase classname="com.keus.getapcs.testcases.TEST_Create" name="verifyOQCBinning" time="15.963"/>
  <testcase classname="com.keus.getapcs.testcases.TEST_Create" name="verifyInventryReportAfterOQCBinning" time="22.970"/>
  <testcase classname="com.keus.getapcs.testcases.TEST_Create" name="verifyDOCreate" time="20.177"/>
  <testcase classname="com.keus.getapcs.testcases.TEST_Create" name="verifyInventryReportAfterDO" time="21.233"/>
  <testcase classname="com.keus.getapcs.testcases.TEST_Create" name="verifyODOCreate" time="32.266"/>
  <testcase classname="com.keus.getapcs.testcases.TEST_Create" name="verifyInventryReportAfterODO" time="22.646"/>
  <testcase classname="com.keus.getapcs.testcases.TEST_Create" name="verifyReturnODO" time="21.891"/>
  <testcase classname="com.keus.getapcs.testcases.TEST_Create" name="verifyInventryReportAfterReturnODO" time="23.304"/>
  <testcase classname="com.keus.getapcs.testcases.TEST_Create" name="verifyInvoiceCreate" time="25.461"/>
  <testcase classname="com.keus.getapcs.testcases.TEST_Create" name="verifyReturnInvoiceCreate" time="18.869"/>
  <testcase classname="com.keus.getapcs.testcases.TEST_Create" name="verifyInventryReportAfterReturnInvoice" time="21.417"/>
  <testcase classname="com.keus.getapcs.testcases.TEST_Create" name="verifyMaterialRequest" time="29.837"/>
  <testcase classname="com.keus.getapcs.testcases.TEST_Create" name="verifyInventryReportAfterMaterialRequest" time="21.932"/>
  <testcase classname="com.keus.getapcs.testcases.TEST_Create" name="verifyMaterialReturnNote" time="24.173"/>
  <testcase classname="com.keus.getapcs.testcases.TEST_Create" name="verifyMaterialReturnNoteOpenMRN" time="19.562"/>
  <testcase classname="com.keus.getapcs.testcases.TEST_Create" name="verifyInventryReportAfterMaterialReturnNote" time="23.995"/>
</testsuite> <!-- com.keus.getapcs.testcases.TEST_Create -->
