<?xml version="1.0" encoding="UTF-8"?>
<!-- Generated by org.testng.reporters.JUnitReportReporter -->
<testsuite hostname="BLLCHETHANV" failures="0" tests="1" name="com.keus.getapcs.testcases.TEST_Create" time="25.698" errors="0" timestamp="2024-02-06T16:13:48 IST" skipped="0">
  <testcase classname="com.keus.getapcs.testcases.TEST_Create" name="verifyInventryReportAfterODO" time="25.698"/>
</testsuite> <!-- com.keus.getapcs.testcases.TEST_Create -->
